WARNING:root:one_loop_time=0.016642657193270596 s
WARNING:root:one_loop_time=0.016643979332663796 s
WARNING:root:one_loop_time=0.016536712646484375 s
WARNING:root:one_loop_time=0.016378467733209782 s
WARNING:root:one_loop_time=0.016569549387151546 s
WARNING:root:one_loop_time=0.01676732843572443 s
WARNING:root:one_loop_time=0.01666480844671076 s
WARNING:root:one_loop_time=0.01619521054354581 s
WARNING:root:one_loop_time=0.016553987156261097 s
WARNING:root:one_loop_time=0.016587907617742367 s
WARNING:root:one_loop_time=0.016252561049027878 s
WARNING:root:one_loop_time=0.01675003225153143 s
WARNING:root:one_loop_time=0.016563610597090286 s
WARNING:root:one_loop_time=0.01636672019958496 s
WARNING:root:one_loop_time=0.01621634309942072 s
INFO:root:one_loop_time=0.016618121754039417 s
INFO:root:one_loop_time=0.01641576940363104 s
INFO:root:one_loop_time=0.016343658620660954 s
INFO:root:one_loop_time=0.016734968532215466 s
INFO:root:one_loop_time=0.016412583264437588 s
INFO:root:one_loop_time=0.016999439759687943 s
INFO:root:one_loop_time=0.016488378698175602 s
INFO:root:one_loop_time=0.016688758676702328 s
INFO:root:one_loop_time=0.01663639328696511 s
INFO:root:one_loop_time=0.016226421702991833 s
INFO:root:one_loop_time=0.016611359336159447 s
INFO:root:one_loop_time=0.0167831074107777 s
INFO:root:one_loop_time=0.016368996013294567 s 61.0911016893046 FPS possible
INFO:root:one_loop_time=0.01637038317593661 s 61.085925066795895 FPS possible
INFO:root:one_loop_time=0.016517660834572533 s 60.54126004978473 FPS possible
INFO:root:one_loop_time=0.016439936377785423 s 60.82748600847731 FPS possible
INFO:root:one_loop_time=0.01657058975913308 s 60.34788227430698 FPS possible
INFO:root:one_loop_time=0.016313617879694157 s 61.29848126728022 FPS possible
INFO:root:one_loop_time=0.016299529509110885 s 61.35146412913537 FPS possible
INFO:root:one_loop_time=0.016582315618341618 s 60.30520845314902 FPS possible
INFO:root:one_loop_time=0.018302895806052467 s 54.63616307476964 FPS possible
INFO:root:one_loop_time=0.01783080534501509 s 56.082716436561135 FPS possible
INFO:root:one_loop_time=0.018044905229048294 s 55.417304070415504 FPS possible
INFO:root:one_loop_time=0.0178885893388228 s 55.901557191530195 FPS possible
INFO:root:one_loop_time=0.017740401354703037 s 56.36851049792607 FPS possible
INFO:root:one_loop_time=0.018023144115101208 s 55.48421483031483 FPS possible
INFO:root:one_loop_time=0.018015146255493164 s 55.50884715660195 FPS possible
INFO:root:one_loop_time=0.017892642454667526 s 55.8888941381119 FPS possible
INFO:root:one_loop_time=0.01790727268565785 s 55.843232945288875 FPS possible
INFO:root:one_loop_time=0.017726919867775658 s 56.41137927282109 FPS possible
INFO:root:one_loop_time=0.01772572777488015 s 56.41517305806426 FPS possible
INFO:root:one_loop_time=0.017783576791936703 s 56.231657539973206 FPS possible
INFO:root:one_loop_time=0.018171917308460583 s 55.029966460083685 FPS possible
INFO:root:one_loop_time=0.018156463449651546 s 55.07680517040293 FPS possible
INFO:root:one_loop_time=0.018209414048628372 s 54.91664901075305 FPS possible
INFO:root:one_loop_time=0.018084916201504795 s 55.294699121513915 FPS possible
INFO:root:one_loop_time=0.017927820032293148 s 55.779230168459584 FPS possible
INFO:root:one_loop_time=0.01809651201421564 s 55.25926759888613 FPS possible
INFO:root:one_loop_time=0.017941626635464756 s 55.736306429614665 FPS possible
INFO:root:one_loop_time=0.018212621862238102 s 54.90697646742404 FPS possible
INFO:root:one_loop_time=0.017918435010043057 s 55.80844529332571 FPS possible
INFO:root:one_loop_time=0.01825638250871138 s 54.775364151295086 FPS possible
INFO:root:one_loop_time=0.017955866726962002 s 55.692104157714056 FPS possible
INFO:root:one_loop_time=0.017730712890625 s 56.399311531841654 FPS possible
INFO:root:one_loop_time=0.018004135652021927 s 55.5427941295086 FPS possible
INFO:root:one_loop_time=0.017965381795709782 s 55.66260775147037 FPS possible
INFO:root:one_loop_time=0.01806042411110618 s 55.369685332309245 FPS possible
INFO:root:one_loop_time=0.01800019090825861 s 55.554966338784396 FPS possible
INFO:root:one_loop_time=0.018080472946166992 s 55.30828772994 FPS possible
INFO:root:one_loop_time=0.017822395671497692 s 56.10917962051764 FPS possible
INFO:root:one_loop_time=0.01788111166520552 s 55.924934574726635 FPS possible
INFO:root:one_loop_time=0.017934127287431198 s 55.75961316505384 FPS possible
INFO:root:one_loop_time=0.017942363565618343 s 55.734017223696654 FPS possible
INFO:root:one_loop_time=0.01759979941628196 s 56.8188293711392 FPS possible
INFO:root:one_loop_time=0.01807104457508434 s 55.33714422788606 FPS possible
INFO:root:one_loop_time=0.01769089698791504 s 56.526246277004354 FPS possible
INFO:root:one_loop_time=0.01804937015880238 s 55.403595316721706 FPS possible
INFO:root:one_loop_time=0.017750024795532227 s 56.33794946876385 FPS possible
INFO:root:one_loop_time=0.01748824119567871 s 57.18127905550027 FPS possible
INFO:root:one_loop_time=0.018287962133234196 s 54.68077813780729 FPS possible
INFO:root:one_loop_time=0.017896088686856357 s 55.87813166876191 FPS possible
INFO:root:one_loop_time=0.018124190243807705 s 55.17487879722842 FPS possible
INFO:root:one_loop_time=0.018179546702991833 s 55.006872081988085 FPS possible
INFO:root:one_loop_time=0.018005761233243076 s 55.53777966097614 FPS possible
INFO:root:one_loop_time=0.01783793622797186 s 56.06029684262966 FPS possible
INFO:root:one_loop_time=0.009251832962036133 s 108.08668985955418 FPS possible
INFO:root:one_loop_time=0.019603490829467773 s 51.011322865864784 FPS possible
INFO:root:one_loop_time=0.016751766204833984 s 59.69519797329993 FPS possible
INFO:root:one_loop_time=0.017224550247192383 s 58.056668281541974 FPS possible
INFO:root:one_loop_time=0.016083717346191406 s 62.17468129261785 FPS possible
INFO:root:one_loop_time=0.017037630081176758 s 58.693609101467935 FPS possible
INFO:root:one_loop_time=0.01605844497680664 s 62.272530213498825 FPS possible
INFO:root:one_loop_time=0.01607346534729004 s 62.21433762997464 FPS possible
INFO:root:one_loop_time=0.016437053680419922 s 60.83815381044936 FPS possible
INFO:root:one_loop_time=0.01680588722229004 s 59.502957908326124 FPS possible
INFO:root:one_loop_time=0.015958547592163086 s 62.66234406513782 FPS possible
INFO:root:one_loop_time=0.01706552505493164 s 58.59766967503982 FPS possible
INFO:root:one_loop_time=0.016095399856567383 s 62.12955309662416 FPS possible
INFO:root:one_loop_time=0.016270875930786133 s 61.45950619092974 FPS possible
INFO:root:one_loop_time=0.017276763916015625 s 57.88120998012806 FPS possible
INFO:root:one_loop_time=0.01599740982055664 s 62.51011952666249 FPS possible
INFO:root:one_loop_time=0.016713857650756836 s 59.830592128724874 FPS possible
INFO:root:one_loop_time=0.016497135162353516 s 60.61658525305663 FPS possible
INFO:root:one_loop_time=0.016008615493774414 s 62.46636383945193 FPS possible
INFO:root:one_loop_time=0.015898466110229492 s 62.89914970832146 FPS possible
INFO:root:one_loop_time=0.016149520874023438 s 61.92134167946144 FPS possible
INFO:root:one_loop_time=0.01576375961303711 s 63.43664357663571 FPS possible
INFO:root:one_loop_time=0.01592087745666504 s 62.810608443026794 FPS possible
INFO:root:one_loop_time=0.01617574691772461 s 61.82094743979011 FPS possible
INFO:root:one_loop_time=0.015987634658813477 s 62.54833947238916 FPS possible
INFO:root:one_loop_time=0.01595783233642578 s 62.66515269228471 FPS possible
INFO:root:one_loop_time=0.015957117080688477 s 62.66796157121726 FPS possible
INFO:root:one_loop_time=0.015932798385620117 s 62.76361350950963 FPS possible
INFO:root:one_loop_time=0.01602458953857422 s 62.40409450693328 FPS possible
INFO:root:one_loop_time=0.015976428985595703 s 62.592210117892854 FPS possible
INFO:root:one_loop_time=0.01582789421081543 s 63.1795984153524 FPS possible
INFO:root:one_loop_time=0.016350984573364258 s 61.158396640468936 FPS possible
INFO:root:one_loop_time=0.01610279083251953 s 62.101036422860524 FPS possible
INFO:root:one_loop_time=0.016277074813842773 s 61.43610024754288 FPS possible
INFO:root:one_loop_time=0.016916990280151367 s 59.11216968501163 FPS possible
INFO:root:one_loop_time=0.017008066177368164 s 58.79563200022429 FPS possible
INFO:root:one_loop_time=0.01757669448852539 s 56.893518895309406 FPS possible
INFO:root:one_loop_time=0.0161590576171875 s 61.8847969782814 FPS possible
INFO:root:one_loop_time=0.0157930850982666 s 63.318850862758715 FPS possible
INFO:root:one_loop_time=0.015962600708007812 s 62.64643326562313 FPS possible
INFO:root:one_loop_time=0.016119956970214844 s 62.03490504644146 FPS possible
INFO:root:one_loop_time=0.0163421630859375 s 61.19140989729225 FPS possible
INFO:root:one_loop_time=0.01645946502685547 s 60.755316066979546 FPS possible
INFO:root:one_loop_time=0.01710796356201172 s 58.45231060817214 FPS possible
INFO:root:one_loop_time=0.01601886749267578 s 62.42638566410668 FPS possible
INFO:root:one_loop_time=0.015999317169189453 s 62.50266742169106 FPS possible
INFO:root:one_loop_time=0.015882015228271484 s 62.96430179842075 FPS possible
INFO:root:one_loop_time=0.016202449798583984 s 61.71906177344831 FPS possible
INFO:root:one_loop_time=0.01584768295288086 s 63.100707085903416 FPS possible
INFO:root:one_loop_time=0.017055034637451172 s 58.63371264014315 FPS possible
INFO:root:one_loop_time=0.016056299209594727 s 62.280852327567004 FPS possible
INFO:root:one_loop_time=0.016188859939575195 s 61.77087229937703 FPS possible
INFO:root:one_loop_time=0.015909194946289062 s 62.8567318067378 FPS possible
INFO:root:one_loop_time=0.015900850296020508 s 62.88971856116834 FPS possible
INFO:root:one_loop_time=0.016437053680419922 s 60.83815381044936 FPS possible
INFO:root:one_loop_time=0.017531633377075195 s 57.03975086015802 FPS possible
INFO:root:one_loop_time=0.015969038009643555 s 62.6211797727646 FPS possible
INFO:root:one_loop_time=0.016026735305786133 s 62.39573942666726 FPS possible
INFO:root:one_loop_time=0.01613140106201172 s 61.99089565474431 FPS possible
INFO:root:one_loop_time=0.015877723693847656 s 62.98132019941138 FPS possible
INFO:root:one_loop_time=0.016190528869628906 s 61.764504918419036 FPS possible
INFO:root:one_loop_time=0.015833377838134766 s 63.15771721126336 FPS possible
INFO:root:one_loop_time=0.0159451961517334 s 62.714813319577146 FPS possible
INFO:root:one_loop_time=0.01639080047607422 s 61.00983301332403 FPS possible
INFO:root:one_loop_time=0.016094446182250977 s 62.13323457521665 FPS possible
INFO:root:one_loop_time=0.017377376556396484 s 57.54608566802953 FPS possible
INFO:root:one_loop_time=0.016342639923095703 s 61.1896244857468 FPS possible
INFO:root:one_loop_time=0.016150236129760742 s 61.918599329780484 FPS possible
INFO:root:one_loop_time=0.016418933868408203 s 60.90529433973224 FPS possible
INFO:root:one_loop_time=0.01718282699584961 s 58.197641182183986 FPS possible
INFO:root:one_loop_time=0.016037702560424805 s 62.35307059925372 FPS possible
INFO:root:one_loop_time=0.01617884635925293 s 61.80910417188582 FPS possible
INFO:root:one_loop_time=0.01586294174194336 s 63.04000961914209 FPS possible
INFO:root:one_loop_time=0.01621270179748535 s 61.68003411714533 FPS possible
INFO:root:one_loop_time=0.016026020050048828 s 62.39852420482609 FPS possible
INFO:root:one_loop_time=0.016008615493774414 s 62.46636383945193 FPS possible
INFO:root:one_loop_time=0.016100645065307617 s 62.10931276006575 FPS possible
INFO:root:one_loop_time=0.016148090362548828 s 61.92682710763325 FPS possible
INFO:root:one_loop_time=0.017247438430786133 s 57.97962427945425 FPS possible
INFO:root:one_loop_time=0.016449451446533203 s 60.79230077977795 FPS possible
INFO:root:one_loop_time=0.01593017578125 s 62.77394636015325 FPS possible
INFO:root:one_loop_time=0.015760421752929688 s 63.45007866392351 FPS possible
INFO:root:one_loop_time=0.015986919403076172 s 62.55113788886569 FPS possible
INFO:root:one_loop_time=0.016071081161499023 s 62.22356728529678 FPS possible
INFO:root:one_loop_time=0.01603388786315918 s 62.36790530995822 FPS possible
INFO:root:one_loop_time=0.016362905502319336 s 61.1138406842389 FPS possible
INFO:root:one_loop_time=0.015691280364990234 s 63.72966238186404 FPS possible
INFO:root:one_loop_time=0.015947341918945312 s 62.70637483554599 FPS possible
INFO:root:one_loop_time=0.015958309173583984 s 62.663280246212686 FPS possible
INFO:root:one_loop_time=0.016004085540771484 s 62.48404493042934 FPS possible
INFO:root:one_loop_time=0.015963077545166016 s 62.64456193804702 FPS possible
INFO:root:one_loop_time=0.0160219669342041 s 62.41430931087335 FPS possible
INFO:root:one_loop_time=0.016014814376831055 s 62.4421848714475 FPS possible
INFO:root:one_loop_time=0.016932010650634766 s 59.05973133571771 FPS possible
INFO:root:one_loop_time=0.016142845153808594 s 61.946948661901104 FPS possible
INFO:root:one_loop_time=0.016010046005249023 s 62.46078241574958 FPS possible
INFO:root:one_loop_time=0.01601862907409668 s 62.427314807924155 FPS possible
INFO:root:one_loop_time=0.016204357147216797 s 61.71179707500809 FPS possible
INFO:root:one_loop_time=0.017082929611206055 s 58.537968765264964 FPS possible
INFO:root:one_loop_time=0.017174482345581055 s 58.2259179565489 FPS possible
INFO:root:one_loop_time=0.01694941520690918 s 58.99908567891857 FPS possible
INFO:root:one_loop_time=0.01729607582092285 s 57.81658281066924 FPS possible
INFO:root:one_loop_time=0.016701698303222656 s 59.87415063095986 FPS possible
INFO:root:one_loop_time=0.016770601272583008 s 59.628154277021935 FPS possible
INFO:root:one_loop_time=0.01601696014404297 s 62.43381958916344 FPS possible
INFO:root:one_loop_time=0.016410112380981445 s 60.93803483996571 FPS possible
INFO:root:one_loop_time=0.0159757137298584 s 62.595012461384634 FPS possible
INFO:root:one_loop_time=0.017049789428710938 s 58.65175075511802 FPS possible
INFO:root:one_loop_time=0.015851736068725586 s 63.08457292403026 FPS possible
INFO:root:one_loop_time=0.01705312728881836 s 58.64027067080502 FPS possible
INFO:root:one_loop_time=0.01723170280456543 s 58.03257004496714 FPS possible
INFO:root:one_loop_time=0.01588153839111328 s 62.96619227766769 FPS possible
INFO:root:one_loop_time=0.016333818435668945 s 61.22267147382096 FPS possible
INFO:root:one_loop_time=0.016207218170166016 s 61.70090323339904 FPS possible
INFO:root:one_loop_time=0.01613783836364746 s 61.96616780179355 FPS possible
INFO:root:one_loop_time=0.01758432388305664 s 56.86883423271958 FPS possible
INFO:root:one_loop_time=0.01598954200744629 s 62.54087825244166 FPS possible
INFO:root:one_loop_time=0.016111135482788086 s 62.06887162412135 FPS possible
INFO:root:one_loop_time=0.016199827194213867 s 61.729053527013704 FPS possible
INFO:root:one_loop_time=0.01588273048400879 s 62.961466292387826 FPS possible
INFO:root:one_loop_time=0.016695499420166016 s 59.8963813440722 FPS possible
INFO:root:one_loop_time=0.016449689865112305 s 60.79141966809189 FPS possible
INFO:root:one_loop_time=0.016191720962524414 s 61.75995759280256 FPS possible
INFO:root:one_loop_time=0.016997575759887695 s 58.83191898222827 FPS possible
INFO:root:one_loop_time=0.017711400985717773 s 56.460807409102536 FPS possible
INFO:root:one_loop_time=0.01639580726623535 s 60.99120243132807 FPS possible
INFO:root:one_loop_time=0.017264604568481445 s 57.921975335920344 FPS possible
INFO:root:one_loop_time=0.01619243621826172 s 61.75722951881736 FPS possible
INFO:root:one_loop_time=0.01598811149597168 s 62.54647400050702 FPS possible
INFO:root:one_loop_time=0.015643596649169922 s 63.92391867589234 FPS possible
INFO:root:one_loop_time=0.017108440399169922 s 58.450681457119764 FPS possible
INFO:root:one_loop_time=0.015858173370361328 s 63.05896502991851 FPS possible
INFO:root:one_loop_time=0.016813039779663086 s 59.47764432280662 FPS possible
INFO:root:one_loop_time=0.017169952392578125 s 58.24127971561875 FPS possible
INFO:root:one_loop_time=0.015918970108032227 s 62.81813416405817 FPS possible
INFO:root:one_loop_time=0.01727747917175293 s 57.878813804904304 FPS possible
INFO:root:one_loop_time=0.01692652702331543 s 59.078864708782305 FPS possible
INFO:root:one_loop_time=0.015956640243530273 s 62.66983429706994 FPS possible
INFO:root:one_loop_time=0.016954660415649414 s 58.980833321614895 FPS possible
INFO:root:one_loop_time=0.016056060791015625 s 62.28177714421478 FPS possible
INFO:root:one_loop_time=0.016176700592041016 s 61.81730287398673 FPS possible
INFO:root:one_loop_time=0.01598978042602539 s 62.53994572510661 FPS possible
INFO:root:one_loop_time=0.016056299209594727 s 62.280852327567004 FPS possible
INFO:root:one_loop_time=0.07414078712463379 s 13.48785248690384 FPS possible
INFO:root:one_loop_time=0.0019958019256591797 s 501.0517261975869 FPS possible
INFO:root:one_loop_time=0.008815765380859375 s 113.43314582431847 FPS possible
INFO:root:one_loop_time=0.008252620697021484 s 121.17362916738892 FPS possible
INFO:root:one_loop_time=0.008027076721191406 s 124.57835333254128 FPS possible
INFO:root:one_loop_time=0.00795125961303711 s 125.76623688155922 FPS possible
INFO:root:one_loop_time=0.008026599884033203 s 124.58575417334997 FPS possible
INFO:root:one_loop_time=0.008000612258911133 s 124.99043418660786 FPS possible
INFO:root:one_loop_time=0.008185148239135742 s 122.17249716000117 FPS possible
INFO:root:one_loop_time=0.009054183959960938 s 110.44617653254687 FPS possible
INFO:root:one_loop_time=0.009169816970825195 s 109.05343074803048 FPS possible
INFO:root:one_loop_time=0.008012533187866211 s 124.80447525813075 FPS possible
INFO:root:one_loop_time=0.008133411407470703 s 122.94963944421644 FPS possible
INFO:root:one_loop_time=0.008990764617919922 s 111.22524529302572 FPS possible
INFO:root:one_loop_time=0.008896112442016602 s 112.40865114035323 FPS possible
INFO:root:one_loop_time=0.009084224700927734 s 110.08094063303764 FPS possible
INFO:root:one_loop_time=0.008863687515258789 s 112.81986174247518 FPS possible
INFO:root:one_loop_time=0.009065866470336914 s 110.30385272846812 FPS possible
INFO:root:one_loop_time=0.009224653244018555 s 108.40515882246517 FPS possible
INFO:root:one_loop_time=0.009165048599243164 s 109.1101688301553 FPS possible
INFO:root:one_loop_time=0.007828474044799805 s 127.73881528856403 FPS possible
INFO:root:one_loop_time=0.008219242095947266 s 121.66571909264954 FPS possible
INFO:root:one_loop_time=0.008307456970214844 s 120.37378027780967 FPS possible
INFO:root:one_loop_time=0.008755683898925781 s 114.21152379915041 FPS possible
INFO:root:one_loop_time=0.008284330368041992 s 120.70981667482084 FPS possible
INFO:root:one_loop_time=0.009328603744506836 s 107.19717841899455 FPS possible
INFO:root:one_loop_time=0.008160829544067383 s 122.5365625639078 FPS possible
INFO:root:one_loop_time=0.008126020431518555 s 123.0614675938151 FPS possible
INFO:root:one_loop_time=0.007983207702636719 s 125.26293154939673 FPS possible
INFO:root:one_loop_time=0.007978439331054688 s 125.337795840306 FPS possible
INFO:root:one_loop_time=0.007950067520141602 s 125.78509521667416 FPS possible
INFO:root:one_loop_time=0.008006811141967773 s 124.89366643837656 FPS possible
INFO:root:one_loop_time=0.007978200912475586 s 125.34154140393868 FPS possible
INFO:root:one_loop_time=0.007982969284057617 s 125.26667263984709 FPS possible
INFO:root:one_loop_time=0.007974386215209961 s 125.4015008819924 FPS possible
INFO:root:one_loop_time=0.007980823516845703 s 125.30035251239768 FPS possible
INFO:root:one_loop_time=0.007950782775878906 s 125.77377953700372 FPS possible
INFO:root:one_loop_time=0.007974863052368164 s 125.39400281024844 FPS possible
INFO:root:one_loop_time=0.0079803466796875 s 125.30783938814531 FPS possible
INFO:root:one_loop_time=0.008533716201782227 s 117.1822423378873 FPS possible
INFO:root:one_loop_time=0.008680582046508789 s 115.19964843857288 FPS possible
INFO:root:one_loop_time=0.008260250091552734 s 121.06170986549674 FPS possible
INFO:root:one_loop_time=0.00882863998413086 s 113.26772886848501 FPS possible
INFO:root:one_loop_time=0.008634090423583984 s 115.81995913182747 FPS possible
INFO:root:one_loop_time=0.008113622665405273 s 123.24950780171021 FPS possible
INFO:root:one_loop_time=0.008217573165893555 s 121.69042852583631 FPS possible
INFO:root:one_loop_time=0.008297920227050781 s 120.5121250430985 FPS possible
INFO:root:one_loop_time=0.009711503982543945 s 102.97066260771365 FPS possible
INFO:root:one_loop_time=0.008657217025756836 s 115.510561537826 FPS possible
INFO:root:one_loop_time=0.007978439331054688 s 125.337795840306 FPS possible
INFO:root:one_loop_time=0.007811546325683594 s 128.0156269075815 FPS possible
INFO:root:one_loop_time=0.009089231491088867 s 110.02030270440416 FPS possible
INFO:root:one_loop_time=0.009006023406982422 s 111.0367977974268 FPS possible
INFO:root:one_loop_time=0.007874488830566406 s 126.99237011020952 FPS possible
INFO:root:one_loop_time=0.009006977081298828 s 111.02504102917041 FPS possible
INFO:root:one_loop_time=0.00895071029663086 s 111.72297693250226 FPS possible
INFO:root:one_loop_time=0.009100198745727539 s 109.88770992166418 FPS possible
INFO:root:one_loop_time=0.009137392044067383 s 109.44041748206132 FPS possible
INFO:root:one_loop_time=0.008183717727661133 s 122.19385287691188 FPS possible
INFO:root:one_loop_time=0.008022785186767578 s 124.64499257057949 FPS possible
INFO:root:one_loop_time=0.008081674575805664 s 123.73673186417678 FPS possible
INFO:root:one_loop_time=0.008016347885131836 s 124.7450852095292 FPS possible
INFO:root:one_loop_time=0.008234739303588867 s 121.43675265641738 FPS possible
INFO:root:one_loop_time=0.008073091506958008 s 123.86828504769498 FPS possible
INFO:root:one_loop_time=0.008975744247436523 s 111.411374080272 FPS possible
INFO:root:one_loop_time=0.008115291595458984 s 123.22416123156472 FPS possible
INFO:root:one_loop_time=0.008974790573120117 s 111.42321281513163 FPS possible
INFO:root:one_loop_time=0.008855581283569336 s 112.92313491101957 FPS possible
INFO:root:one_loop_time=0.008208990097045898 s 121.81766431413551 FPS possible
INFO:root:one_loop_time=0.009248018264770508 s 108.13127433035139 FPS possible
INFO:root:one_loop_time=0.00903463363647461 s 110.68517443394732 FPS possible
INFO:root:one_loop_time=0.009179353713989258 s 108.94013142515779 FPS possible
INFO:root:one_loop_time=0.008128166198730469 s 123.02898040596034 FPS possible
INFO:root:one_loop_time=0.00828242301940918 s 120.7376147845361 FPS possible
INFO:root:one_loop_time=0.009236335754394531 s 108.26804336602994 FPS possible
INFO:root:one_loop_time=0.009310245513916016 s 107.40855313700384 FPS possible
INFO:root:one_loop_time=0.008016109466552734 s 124.74879543156267 FPS possible
INFO:root:one_loop_time=0.008299112319946289 s 120.49481455945302 FPS possible
INFO:root:one_loop_time=0.007978200912475586 s 125.34154140393868 FPS possible
INFO:root:one_loop_time=0.007978677749633789 s 125.33405050052293 FPS possible
INFO:root:one_loop_time=0.007901191711425781 s 126.56318648159323 FPS possible
INFO:root:one_loop_time=0.007750749588012695 s 129.01977913808483 FPS possible
INFO:root:one_loop_time=0.008083820343017578 s 123.7038872176016 FPS possible
INFO:root:one_loop_time=0.008115291595458984 s 123.22416123156472 FPS possible
INFO:root:one_loop_time=0.00811767578125 s 123.18796992481202 FPS possible
INFO:root:one_loop_time=0.008002042770385742 s 124.96808986085868 FPS possible
INFO:root:one_loop_time=0.007802486419677734 s 128.16427305506326 FPS possible
INFO:root:one_loop_time=0.00822305679321289 s 121.60927805160917 FPS possible
INFO:root:one_loop_time=0.008198976516723633 s 121.96644275785862 FPS possible
INFO:root:one_loop_time=0.009231328964233398 s 108.32676463751646 FPS possible
INFO:root:one_loop_time=0.009262323379516602 s 107.96427192463126 FPS possible
INFO:root:one_loop_time=0.007711172103881836 s 129.6819713693844 FPS possible
INFO:root:one_loop_time=0.00932765007019043 s 107.20813843519157 FPS possible
INFO:root:one_loop_time=0.008330106735229492 s 120.04648100975987 FPS possible
INFO:root:one_loop_time=0.007668733596801758 s 130.3996269236748 FPS possible
INFO:root:one_loop_time=0.008026361465454102 s 124.58945492351107 FPS possible
INFO:root:one_loop_time=0.007981300354003906 s 125.29286653124626 FPS possible
INFO:root:one_loop_time=0.007978677749633789 s 125.33405050052293 FPS possible
INFO:root:one_loop_time=0.008635282516479492 s 115.80397029183578 FPS possible
INFO:root:one_loop_time=0.009078025817871094 s 110.15610883496166 FPS possible
INFO:root:one_loop_time=0.008728742599487305 s 114.56403813061648 FPS possible
INFO:root:one_loop_time=0.009273052215576172 s 107.8393582557721 FPS possible
INFO:root:one_loop_time=0.009185791015625 s 108.86378737541528 FPS possible
INFO:root:one_loop_time=0.00812077522277832 s 123.14095299609524 FPS possible
INFO:root:one_loop_time=0.00800943374633789 s 124.85277132821336 FPS possible
INFO:root:one_loop_time=0.008002758026123047 s 124.95692069355896 FPS possible
INFO:root:one_loop_time=0.00795125961303711 s 125.76623688155922 FPS possible
INFO:root:one_loop_time=0.008195161819458008 s 122.0232158961976 FPS possible
INFO:root:one_loop_time=0.008404016494750977 s 118.99072314108201 FPS possible
INFO:root:one_loop_time=0.009078741073608398 s 110.14743034218336 FPS possible
INFO:root:one_loop_time=0.009040594100952148 s 110.61219968881036 FPS possible
INFO:root:one_loop_time=0.009041309356689453 s 110.60344918516955 FPS possible
INFO:root:one_loop_time=0.009113073348999023 s 109.73246474635691 FPS possible
INFO:root:one_loop_time=0.008036136627197266 s 124.43790423070077 FPS possible
INFO:root:one_loop_time=0.008056163787841797 s 124.12855874519089 FPS possible
INFO:root:one_loop_time=0.008610010147094727 s 116.14388170464929 FPS possible
INFO:root:one_loop_time=0.009499549865722656 s 105.26814576849713 FPS possible
INFO:root:one_loop_time=0.007662296295166016 s 130.5091791648516 FPS possible
INFO:root:one_loop_time=0.008961200714111328 s 111.59218858085457 FPS possible
INFO:root:one_loop_time=0.009547948837280273 s 104.73453691912003 FPS possible
INFO:root:one_loop_time=0.007987022399902344 s 125.20310447761194 FPS possible
INFO:root:one_loop_time=0.008126258850097656 s 123.05785705903062 FPS possible
INFO:root:one_loop_time=0.007841348648071289 s 127.529082672018 FPS possible
INFO:root:one_loop_time=0.008275270462036133 s 120.84197182287015 FPS possible
INFO:root:one_loop_time=0.00883173942565918 s 113.22797829549442 FPS possible
INFO:root:one_loop_time=0.007994651794433594 s 125.08362161517357 FPS possible
INFO:root:one_loop_time=0.008141756057739258 s 122.8236258748426 FPS possible
INFO:root:one_loop_time=0.009301424026489258 s 107.51041960372184 FPS possible
INFO:root:one_loop_time=0.009253501892089844 s 108.06719571266619 FPS possible
INFO:root:one_loop_time=0.007874488830566406 s 126.99237011020952 FPS possible
INFO:root:one_loop_time=0.008023262023925781 s 124.63758469036016 FPS possible
INFO:root:one_loop_time=0.008007287979125977 s 124.88622897126693 FPS possible
INFO:root:one_loop_time=0.007979154586791992 s 125.32656049242537 FPS possible
INFO:root:one_loop_time=0.008888959884643555 s 112.4991014671566 FPS possible
INFO:root:one_loop_time=0.009131193161010742 s 109.51471317788976 FPS possible
INFO:root:one_loop_time=0.007947444915771484 s 125.82660346793064 FPS possible
INFO:root:one_loop_time=0.008066892623901367 s 123.9634697798138 FPS possible
INFO:root:one_loop_time=0.00899052619934082 s 111.22819486064334 FPS possible
INFO:root:one_loop_time=0.007988691329956055 s 125.17694810039693 FPS possible
INFO:root:one_loop_time=0.008038520812988281 s 124.40099655949697 FPS possible
INFO:root:one_loop_time=0.008010149002075195 s 124.84162276393725 FPS possible
INFO:root:one_loop_time=0.007997751235961914 s 125.03514681770756 FPS possible
INFO:root:one_loop_time=0.007963180541992188 s 125.57796407185629 FPS possible
INFO:root:one_loop_time=0.007953405380249023 s 125.7323061242843 FPS possible
INFO:root:one_loop_time=0.007985115051269531 s 125.23301086826704 FPS possible
INFO:root:one_loop_time=0.007972240447998047 s 125.43525330462349 FPS possible
INFO:root:one_loop_time=0.008104562759399414 s 123.38728561762716 FPS possible
INFO:root:one_loop_time=0.007856607437133789 s 127.28140078293328 FPS possible
INFO:root:one_loop_time=0.009150266647338867 s 109.28643268454103 FPS possible
INFO:root:one_loop_time=0.007947444915771484 s 125.82660346793064 FPS possible
INFO:root:one_loop_time=0.008285760879516602 s 120.68897649123817 FPS possible
INFO:root:one_loop_time=0.007791042327880859 s 128.35253075463615 FPS possible
INFO:root:one_loop_time=0.007981061935424805 s 125.29660941000746 FPS possible
INFO:root:one_loop_time=0.008005142211914062 s 124.91970455086967 FPS possible
INFO:root:one_loop_time=0.00797891616821289 s 125.33030538456941 FPS possible
INFO:root:one_loop_time=0.008008956909179688 s 124.8602048106692 FPS possible
INFO:root:one_loop_time=0.007958173751831055 s 125.6569699511669 FPS possible
INFO:root:one_loop_time=0.008981466293334961 s 111.34039446789308 FPS possible
INFO:root:one_loop_time=0.00890660285949707 s 112.27625344647589 FPS possible
INFO:root:one_loop_time=0.009004831314086914 s 111.0514972596574 FPS possible
INFO:root:one_loop_time=0.008133649826049805 s 122.94603546826909 FPS possible
INFO:root:one_loop_time=0.008571147918701172 s 116.67048678720445 FPS possible
INFO:root:one_loop_time=0.008475542068481445 s 117.9865537708515 FPS possible
INFO:root:one_loop_time=0.007970094680786133 s 125.46902390140298 FPS possible
INFO:root:one_loop_time=0.009183168411254883 s 108.89487758652024 FPS possible
INFO:root:one_loop_time=0.007780313491821289 s 128.52952532712285 FPS possible
INFO:root:one_loop_time=0.007868051528930664 s 127.09626981000575 FPS possible
INFO:root:one_loop_time=0.008831977844238281 s 113.22492171471764 FPS possible
INFO:root:one_loop_time=0.008201837539672852 s 121.92389756111741 FPS possible
INFO:root:one_loop_time=0.008899927139282227 s 112.36047041174422 FPS possible
INFO:root:one_loop_time=0.00923466682434082 s 108.28761004827925 FPS possible
INFO:root:one_loop_time=0.008981943130493164 s 111.33448358240649 FPS possible
INFO:root:one_loop_time=0.00884866714477539 s 113.01137037236623 FPS possible
INFO:root:one_loop_time=0.008258819580078125 s 121.08267898383372 FPS possible
INFO:root:one_loop_time=0.008116722106933594 s 123.20244389613441 FPS possible
INFO:root:one_loop_time=0.00884103775024414 s 113.10889380292325 FPS possible
INFO:root:one_loop_time=0.007910728454589844 s 126.41060880048222 FPS possible
INFO:root:one_loop_time=0.007948875427246094 s 125.80395920815837 FPS possible
INFO:root:one_loop_time=0.009003877639770508 s 111.06325963193433 FPS possible
INFO:root:one_loop_time=0.008182048797607422 s 122.21877731802553 FPS possible
INFO:root:one_loop_time=0.008063554763793945 s 124.01478371426037 FPS possible
INFO:root:one_loop_time=0.007912874221801758 s 126.37632950676429 FPS possible
INFO:root:one_loop_time=0.008078813552856445 s 123.78055186660764 FPS possible
INFO:root:one_loop_time=0.007906675338745117 s 126.47540934173627 FPS possible
INFO:root:one_loop_time=0.008089065551757812 s 123.6236736618722 FPS possible
INFO:root:one_loop_time=0.00804758071899414 s 124.26094685074362 FPS possible
INFO:root:one_loop_time=0.008049726486206055 s 124.22782335692918 FPS possible
INFO:root:one_loop_time=0.0077593326568603516 s 128.87706252880628 FPS possible
INFO:root:one_loop_time=0.008084297180175781 s 123.69659077503835 FPS possible
INFO:root:one_loop_time=0.008216619491577148 s 121.70455270870208 FPS possible
INFO:root:one_loop_time=0.007878303527832031 s 126.93088003873623 FPS possible
INFO:root:one_loop_time=0.008204460144042969 s 121.88492386376845 FPS possible
INFO:root:one_loop_time=0.00820469856262207 s 121.88138203585854 FPS possible
INFO:root:one_loop_time=0.009206295013427734 s 108.62132905163931 FPS possible
INFO:root:one_loop_time=0.009082555770874023 s 110.10116813230083 FPS possible
INFO:root:one_loop_time=0.00912618637084961 s 109.57479492136476 FPS possible
INFO:root:one_loop_time=0.007870197296142578 s 127.0616176916086 FPS possible
INFO:root:one_loop_time=0.008563041687011719 s 116.78093328878494 FPS possible
INFO:root:one_loop_time=0.008104324340820312 s 123.39091550953165 FPS possible
INFO:root:one_loop_time=0.008528947830200195 s 117.24775668800493 FPS possible
INFO:root:one_loop_time=0.008081436157226562 s 123.74038234599952 FPS possible
INFO:root:one_loop_time=0.00790262222290039 s 126.54027635310445 FPS possible
INFO:root:one_loop_time=0.008278608322143555 s 120.79324943121274 FPS possible
INFO:root:one_loop_time=0.008220195770263672 s 121.65160392134115 FPS possible
INFO:root:one_loop_time=0.008767843246459961 s 114.0531339225017 FPS possible
INFO:root:one_loop_time=0.07442617416381836 s 13.436133339313058 FPS possible
INFO:root:one_loop_time=0.00997304916381836 s 100.2702366722448 FPS possible
INFO:root:one_loop_time=0.0009989738464355469 s 1001.0272076372315 FPS possible
INFO:root:one_loop_time=0.0019949674606323242 s 501.26130863459815 FPS possible
INFO:root:one_loop_time=0.000452865253795277 s 2208.162343256437 FPS possible
INFO:root:one_loop_time=0.00028834720649341546 s 3468.041227660846 FPS possible
INFO:root:one_loop_time=0.0001647519593191619 s 6069.730546043299 FPS possible
INFO:root:one_loop_time=0.00032221444762579285 s 3103.523157848467 FPS possible
INFO:root:one_loop_time=0.0001241853921720297 s 8052.476885644769 FPS possible
INFO:root:one_loop_time=1.0296849921198175e-05 s 97117.08023842274 FPS possible
INFO:root:one_loop_time=9.8979119027015e-06 s 101031.41044598141 FPS possible
INFO:root:one_loop_time=5.1378131984592555e-05 s 19463.53363528054 FPS possible
INFO:root:one_loop_time=0.0006371263738397833 s 1569.5473316749994 FPS possible
INFO:root:one_loop_time=0.00047562577269532225 s 2102.4932991606047 FPS possible
INFO:root:one_loop_time=0.0004624351040347592 s 2162.465589820003 FPS possible
INFO:root:one_loop_time=0.0004656398212993062 s 2147.582647054611 FPS possible
INFO:root:one_loop_time=0.0004788312045010653 s 2088.4186130726057 FPS possible
INFO:root:one_loop_time=0.00046730446410584044 s 2139.9324783114175 FPS possible
INFO:root:one_loop_time=0.0004618394148576033 s 2165.2547786730697 FPS possible
INFO:root:one_loop_time=0.0004749748256656673 s 2105.3747398054643 FPS possible
INFO:root:one_loop_time=0.00048687241294167257 s 2053.92618973423 FPS possible
INFO:root:one_loop_time=0.00047078427973088925 s 2124.115105482329 FPS possible
INFO:root:one_loop_time=0.0004656274359185736 s 2147.6397713275524 FPS possible
INFO:root:one_loop_time=0.00047590087105582406 s 2101.2779358470602 FPS possible
INFO:root:one_loop_time=0.00048642820649809175 s 2055.801835998018 FPS possible
INFO:root:one_loop_time=0.00047039533113980744 s 2125.871440043667 FPS possible
INFO:root:one_loop_time=0.00047678356761341687 s 2097.3877203981465 FPS possible
INFO:root:one_loop_time=0.0004783891416810728 s 2090.3484483071084 FPS possible
INFO:root:one_loop_time=0.000480645424597985 s 2080.535772989843 FPS possible
INFO:root:one_loop_time=0.00046504055941616975 s 2150.3500710893677 FPS possible
INFO:root:one_loop_time=0.0004713804452688425 s 2121.428688942898 FPS possible
INFO:root:one_loop_time=0.0004644443938782165 s 2153.110282266026 FPS possible
INFO:root:one_loop_time=0.00047153812069278375 s 2120.7193143383615 FPS possible
INFO:root:one_loop_time=0.0004646294600480086 s 2152.252678718808 FPS possible
INFO:root:one_loop_time=0.0004598041633506874 s 2174.838941676375 FPS possible
INFO:root:one_loop_time=0.000462012810187859 s 2164.4421495442734 FPS possible
INFO:root:one_loop_time=0.0004664253402542282 s 2143.9658476851696 FPS possible
INFO:root:one_loop_time=0.0004762879142037162 s 2099.5703862690993 FPS possible
INFO:root:one_loop_time=0.0004664722617927727 s 2143.7501903258794 FPS possible
INFO:root:one_loop_time=0.0004672694515872311 s 2140.0928235372076 FPS possible
INFO:root:one_loop_time=0.00046413023393232744 s 2154.5676771097937 FPS possible
INFO:root:one_loop_time=0.00047950858955497625 s 2085.468376965015 FPS possible
INFO:root:one_loop_time=0.0004657284244076236 s 2147.1740774077407 FPS possible
INFO:root:one_loop_time=0.00046632911537315225 s 2144.408245236434 FPS possible
INFO:root:one_loop_time=0.0004657824913581292 s 2146.924838424473 FPS possible
INFO:root:one_loop_time=0.0004704412999567571 s 2125.6637121186423 FPS possible
INFO:root:one_loop_time=0.00047047035796539887 s 2125.5324231788177 FPS possible
INFO:root:one_loop_time=0.0004660061427525112 s 2145.8944598742873 FPS possible
INFO:root:one_loop_time=0.00046161552528282263 s 2166.304955595503 FPS possible
INFO:root:one_loop_time=0.00046418977903200313 s 2154.291294576428 FPS possible
INFO:root:one_loop_time=0.0004761195206618333 s 2100.3129605145004 FPS possible
INFO:root:one_loop_time=0.00046429148206224925 s 2153.819397156044 FPS possible
INFO:root:one_loop_time=0.00046507985918195575 s 2150.1683641147843 FPS possible
INFO:root:one_loop_time=0.0004823434126603377 s 2073.2116864301242 FPS possible
INFO:root:one_loop_time=0.0004782133645468301 s 2091.116798769585 FPS possible
INFO:root:one_loop_time=0.0004908062004066491 s 2037.464072726602 FPS possible
INFO:root:one_loop_time=0.00046356741365019256 s 2157.1835520660625 FPS possible
INFO:root:one_loop_time=0.0004619306379503065 s 2164.8271793298495 FPS possible
INFO:root:one_loop_time=0.0004853945035677213 s 2060.179900369395 FPS possible
INFO:root:one_loop_time=0.0004997548761663141 s 2000.9809762560649 FPS possible
INFO:root:one_loop_time=0.0004637412853412457 s 2156.3747537900285 FPS possible
INFO:root:one_loop_time=0.0004660849804644818 s 2145.5314844160816 FPS possible
INFO:root:one_loop_time=0.0004751327392700073 s 2104.6750041607265 FPS possible
INFO:root:one_loop_time=0.0004706151716478102 s 2124.8783724897858 FPS possible
INFO:root:one_loop_time=0.0004655214456411508 s 2148.1287475869676 FPS possible
INFO:root:one_loop_time=0.00046585561274053094 s 2146.587853943005 FPS possible
INFO:root:one_loop_time=0.0004719849471207503 s 2118.711637098386 FPS possible
INFO:root:one_loop_time=0.0004663996167711683 s 2144.0840945000914 FPS possible
INFO:root:one_loop_time=0.00046444844294499444 s 2153.091511426236 FPS possible
INFO:root:one_loop_time=0.00046276784205174706 s 2160.9107399648983 FPS possible
INFO:root:one_loop_time=0.00046160647442767194 s 2166.3474309797352 FPS possible
INFO:root:one_loop_time=0.00047749167793876044 s 2094.2773376005366 FPS possible
INFO:root:one_loop_time=0.0004629371883152248 s 2160.1202608918006 FPS possible
INFO:root:one_loop_time=0.0004598980064277763 s 2174.3951615868614 FPS possible
INFO:root:one_loop_time=0.0004663438825578718 s 2144.340340683901 FPS possible
INFO:root:one_loop_time=0.00047496553663011794 s 2105.4159152156667 FPS possible
INFO:root:one_loop_time=0.0004662200287505463 s 2144.909995994736 FPS possible
INFO:root:one_loop_time=0.0004650276976746398 s 2150.409545496917 FPS possible
INFO:root:one_loop_time=0.00046035721823647544 s 2172.226176513044 FPS possible
INFO:root:one_loop_time=0.0004703905675318334 s 2125.8929685751523 FPS possible
INFO:root:one_loop_time=0.00046539568639063575 s 2148.70921506702 FPS possible
INFO:root:one_loop_time=0.0004672408699393868 s 2140.223735414511 FPS possible
INFO:root:one_loop_time=0.00046446344831011275 s 2153.021951756084 FPS possible
INFO:root:one_loop_time=0.0004675497899165044 s 2138.809644591181 FPS possible
INFO:root:one_loop_time=0.000466160960011668 s 2145.181784366863 FPS possible
INFO:root:one_loop_time=0.0004619777976692497 s 2164.606188966562 FPS possible
INFO:root:one_loop_time=0.0004699156358168199 s 2128.0415542287146 FPS possible
INFO:root:one_loop_time=0.00046644010743894775 s 2143.8979711471097 FPS possible
INFO:root:one_loop_time=0.0004881800233305513 s 2048.4246634625 FPS possible
INFO:root:one_loop_time=0.000487938984767064 s 2049.436571413509 FPS possible
INFO:root:one_loop_time=0.000462984348034168 s 2159.9002304203177 FPS possible
INFO:root:one_loop_time=0.0004656541121232283 s 2147.516738207962 FPS possible
INFO:root:one_loop_time=0.0005500747726394699 s 1817.9346695025044 FPS possible
INFO:root:one_loop_time=0.0005135321831488824 s 1947.2976238182168 FPS possible
INFO:root:one_loop_time=0.0004933297217309059 s 2027.0418666270123 FPS possible
INFO:root:one_loop_time=0.00048261327105206806 s 2072.052427858148 FPS possible
INFO:root:one_loop_time=0.0004885006141472053 s 2047.0803332473579 FPS possible
INFO:root:one_loop_time=0.000475538598669397 s 2102.87872067188 FPS possible
INFO:root:one_loop_time=0.0004697839220563372 s 2128.6381952426173 FPS possible
INFO:root:one_loop_time=0.0004701569125607059 s 2126.9494785336833 FPS possible
INFO:root:one_loop_time=0.00047824885342623687 s 2090.9616255969463 FPS possible
INFO:root:one_loop_time=0.00048119967038576656 s 2078.139411854383 FPS possible
INFO:root:one_loop_time=0.00047661850859711575 s 2098.1140722868927 FPS possible
INFO:root:one_loop_time=0.0004731065386182421 s 2113.68881715439 FPS possible
INFO:root:one_loop_time=0.0004757679663933479 s 2101.8649228965446 FPS possible
INFO:root:one_loop_time=0.0005191134644316864 s 1926.3611301139667 FPS possible
INFO:root:one_loop_time=0.0004832520708813891 s 2069.3134292753875 FPS possible
INFO:root:one_loop_time=0.0005014252353024173 s 1994.315262966142 FPS possible
INFO:root:one_loop_time=0.0005189222055715281 s 1927.0711279326053 FPS possible
INFO:root:one_loop_time=0.0004857067580704208 s 2058.8554377392743 FPS possible
INFO:root:one_loop_time=0.0005011108371761296 s 1995.566501086309 FPS possible
INFO:root:one_loop_time=0.0004673187549297626 s 2139.8670381853144 FPS possible
INFO:root:one_loop_time=0.00031378314449832394 s 3186.914330910918 FPS possible
INFO:root:one_loop_time=0.00020581192069953972 s 4858.805051724277 FPS possible
INFO:root:one_loop_time=0.0005918837689257763 s 1689.5209034282582 FPS possible
INFO:root:one_loop_time=0.00048611785743858194 s 2057.114308182649 FPS possible
INFO:root:one_loop_time=0.0004672835042307546 s 2140.0284644034396 FPS possible
INFO:root:one_loop_time=0.00047205878304434825 s 2118.380243983414 FPS possible
INFO:root:one_loop_time=0.0004665368086808211 s 2143.4535954999965 FPS possible
INFO:root:one_loop_time=0.0004782771968936825 s 2090.8377118850863 FPS possible
INFO:root:one_loop_time=0.0005042467203054514 s 1983.1561807565988 FPS possible
INFO:root:one_loop_time=0.0005027152203417919 s 1989.1977794507757 FPS possible
INFO:root:one_loop_time=0.000481178472330282 s 2078.2309631541407 FPS possible
INFO:root:one_loop_time=0.0004790384214479368 s 2087.5152288983622 FPS possible
INFO:root:one_loop_time=0.0004656574466488102 s 2147.501360059169 FPS possible
INFO:root:one_loop_time=0.0004678946751338261 s 2137.233127763171 FPS possible
INFO:root:one_loop_time=0.00048387586534559193 s 2066.645748668998 FPS possible
INFO:root:one_loop_time=0.0004683586505504993 s 2135.1158963854305 FPS possible
INFO:root:one_loop_time=0.00047327731396411206 s 2112.926122792838 FPS possible
INFO:root:one_loop_time=0.000478096417971067 s 2091.62830427338 FPS possible
INFO:root:one_loop_time=0.0004823426981191416 s 2073.2147576804277 FPS possible
INFO:root:one_loop_time=0.000473362344366449 s 2112.546576425309 FPS possible
INFO:root:one_loop_time= 0.000344 s  2905.4 FPS possible
INFO:root:one_loop_time= 0.000314 s  3184.3 FPS possible
INFO:root:one_loop_time= 0.000316 s  3165.2 FPS possible
INFO:root:one_loop_time= 0.000320 s  3124.6 FPS possible
INFO:root:one_loop_time= 0.000318 s  3144.1 FPS possible
INFO:root:one_loop_time= 0.000315 s  3176.5 FPS possible
INFO:root:one_loop_time= 0.000332 s  3010.5 FPS possible
INFO:root:one_loop_time= 0.000317 s  3157.8 FPS possible
INFO:root:one_loop_time= 0.000320 s  3122.3 FPS possible
INFO:root:one_loop_time= 0.000320 s  3121.2 FPS possible
INFO:root:one_loop_time= 0.000324 s  3087.1 FPS possible
INFO:root:one_loop_time= 0.000341 s  2936.5 FPS possible
INFO:root:one_loop_time= 0.000335 s  2986.7 FPS possible
INFO:root:one_loop_time= 0.000312 s  3203.2 FPS possible
INFO:root:one_loop_time= 0.000310 s  3222.4 FPS possible
INFO:root:one_loop_time= 0.000316 s  3169.3 FPS possible
INFO:root:one_loop_time= 0.000312 s  3203.2 FPS possible
INFO:root:one_loop_time= 0.000329 s  3039.0 FPS possible
INFO:root:one_loop_time= 0.000324 s  3083.5 FPS possible
INFO:root:one_loop_time= 0.000323 s  3092.6 FPS possible
INFO:root:one_loop_time= 0.000330 s  3031.3 FPS possible
INFO:root:one_loop_time= 0.000317 s  3159.2 FPS possible
INFO:root:one_loop_time= 0.000315 s  3178.2 FPS possible
INFO:root:one_loop_time= 0.000323 s  3096.2 FPS possible
INFO:root:one_loop_time= 0.000315 s  3178.8 FPS possible
INFO:root:one_loop_time= 0.000317 s  3159.2 FPS possible
INFO:root:one_loop_time= 0.000331 s  3017.4 FPS possible
INFO:root:one_loop_time= 0.000313 s  3194.3 FPS possible
INFO:root:one_loop_time= 0.000320 s  3124.9 FPS possible
INFO:root:one_loop_time= 0.000323 s  3100.0 FPS possible
INFO:root:one_loop_time= 0.000320 s  3128.2 FPS possible
INFO:root:one_loop_time= 0.000335 s  2988.0 FPS possible
INFO:root:one_loop_time= 0.000337 s  2969.6 FPS possible
INFO:root:one_loop_time= 0.000336 s  2976.2 FPS possible
INFO:root:one_loop_time= 0.000330 s  3026.8 FPS possible
INFO:root:one_loop_time= 0.000319 s  3130.1 FPS possible
INFO:root:one_loop_time= 0.000327 s  3054.7 FPS possible
INFO:root:one_loop_time= 0.000320 s  3126.9 FPS possible
INFO:root:one_loop_time= 0.014881 s  67.2 FPS possible
INFO:root:one_loop_time= 0.002743 s  364.5 FPS possible
INFO:root:one_loop_time= 0.048618 s  20.6 FPS possible
INFO:root:one_loop_time= 0.561935 s  1.8 FPS possible
INFO:root:one_loop_time= 0.001363 s  733.6 FPS possible
INFO:root:one_loop_time= 0.000470 s  2129.6 FPS possible
INFO:root:one_loop_time= 0.000371 s  2696.3 FPS possible
INFO:root:one_loop_time= 0.000393 s  2547.2 FPS possible
INFO:root:one_loop_time= 0.000356 s  2810.9 FPS possible
INFO:root:one_loop_time= 0.000379 s  2639.1 FPS possible
INFO:root:one_loop_time= 0.000345 s  2898.4 FPS possible
INFO:root:one_loop_time= 0.000346 s  2889.7 FPS possible
INFO:root:one_loop_time= 0.000377 s  2649.4 FPS possible
INFO:root:one_loop_time= 0.000306 s  3266.7 FPS possible
INFO:root:one_loop_time= 0.000306 s  3264.2 FPS possible
INFO:root:one_loop_time= 0.000329 s  3039.8 FPS possible
INFO:root:one_loop_time= 0.000403 s  2481.6 FPS possible
INFO:root:one_loop_time= 0.000376 s  2662.7 FPS possible
INFO:root:one_loop_time= 0.000413 s  2422.3 FPS possible
INFO:root:one_loop_time= 0.000357 s  2797.6 FPS possible
INFO:root:one_loop_time= 0.000347 s  2884.4 FPS possible
INFO:root:one_loop_time= 0.000316 s  3161.9 FPS possible
INFO:root:one_loop_time= 0.000335 s  2986.5 FPS possible
INFO:root:one_loop_time= 0.000316 s  3164.6 FPS possible
INFO:root:one_loop_time= 0.000326 s  3068.7 FPS possible
INFO:root:one_loop_time= 0.000346 s  2893.5 FPS possible
INFO:root:one_loop_time= 0.000326 s  3072.0 FPS possible
INFO:root:one_loop_time= 0.000326 s  3068.8 FPS possible
INFO:root:one_loop_time= 0.000336 s  2978.6 FPS possible
INFO:root:one_loop_time= 0.000403 s  2478.8 FPS possible
INFO:root:one_loop_time= 0.000326 s  3068.9 FPS possible
INFO:root:one_loop_time= 0.000383 s  2612.5 FPS possible
INFO:root:one_loop_time= 0.000408 s  2451.3 FPS possible
INFO:root:one_loop_time= 0.000408 s  2453.4 FPS possible
INFO:root:one_loop_time= 0.000425 s  2355.1 FPS possible
INFO:root:one_loop_time= 0.000383 s  2611.7 FPS possible
INFO:root:one_loop_time= 0.000371 s  2697.7 FPS possible
INFO:root:one_loop_time= 0.000362 s  2759.6 FPS possible
INFO:root:one_loop_time= 0.000356 s  2812.6 FPS possible
INFO:root:one_loop_time= 0.000376 s  2662.2 FPS possible
INFO:root:one_loop_time= 0.000384 s  2604.7 FPS possible
INFO:root:one_loop_time= 0.000385 s  2598.8 FPS possible
INFO:root:one_loop_time= 0.000404 s  2474.2 FPS possible
INFO:root:one_loop_time= 0.000371 s  2697.6 FPS possible
INFO:root:one_loop_time= 0.000432 s  2316.2 FPS possible
INFO:root:one_loop_time= 0.000328 s  3049.3 FPS possible
INFO:root:one_loop_time= 0.000357 s  2801.1 FPS possible
INFO:root:one_loop_time= 0.000361 s  2771.5 FPS possible
INFO:root:one_loop_time= 0.000363 s  2755.8 FPS possible
INFO:root:one_loop_time= 0.000366 s  2734.9 FPS possible
INFO:root:one_loop_time= 0.000355 s  2813.1 FPS possible
INFO:root:one_loop_time= 0.000326 s  3069.2 FPS possible
INFO:root:one_loop_time= 0.000357 s  2799.6 FPS possible
INFO:root:one_loop_time= 0.000297 s  3372.6 FPS possible
INFO:root:one_loop_time= 0.000345 s  2896.1 FPS possible
INFO:root:one_loop_time= 0.000326 s  3068.8 FPS possible
INFO:root:one_loop_time= 0.000354 s  2823.1 FPS possible
INFO:root:one_loop_time= 0.000388 s  2575.6 FPS possible
INFO:root:one_loop_time= 0.000376 s  2656.7 FPS possible
INFO:root:one_loop_time= 0.000361 s  2770.7 FPS possible
INFO:root:one_loop_time= 0.000329 s  3041.0 FPS possible
INFO:root:one_loop_time= 0.000312 s  3204.4 FPS possible
INFO:root:one_loop_time= 0.000306 s  3263.8 FPS possible
INFO:root:one_loop_time= 0.000350 s  2854.9 FPS possible
INFO:root:one_loop_time= 0.000316 s  3164.7 FPS possible
INFO:root:one_loop_time= 0.000316 s  3164.7 FPS possible
INFO:root:one_loop_time= 0.000357 s  2800.0 FPS possible
INFO:root:one_loop_time= 0.000390 s  2565.0 FPS possible
INFO:root:one_loop_time= 0.000336 s  2976.0 FPS possible
INFO:root:one_loop_time= 0.000376 s  2660.5 FPS possible
INFO:root:one_loop_time= 0.000372 s  2690.2 FPS possible
INFO:root:one_loop_time= 0.000306 s  3266.6 FPS possible
INFO:root:one_loop_time= 0.000306 s  3266.4 FPS possible
INFO:root:one_loop_time= 0.000338 s  2959.8 FPS possible
INFO:root:one_loop_time= 0.000333 s  3005.3 FPS possible
INFO:root:one_loop_time= 0.000421 s  2373.9 FPS possible
INFO:root:{one_loop_time=: .6f} s {(1 / one_loop_time): .1f} FPS possible
INFO:root:{one_loop_time=: .6f} s {(1 / one_loop_time): .1f} FPS possible
INFO:root:{one_loop_time=: .6f} s {(1 / one_loop_time): .1f} FPS possible
INFO:root:{one_loop_time=: .6f} s {(1 / one_loop_time): .1f} FPS possible
INFO:root:{one_loop_time=: .6f} s {(1 / one_loop_time): .1f} FPS possible
INFO:root:{one_loop_time=: .6f} s {(1 / one_loop_time): .1f} FPS possible
INFO:root:{one_loop_time=: .6f} s {(1 / one_loop_time): .1f} FPS possible
INFO:root:{one_loop_time=: .6f} s {(1 / one_loop_time): .1f} FPS possible
INFO:root:{one_loop_time=: .6f} s {(1 / one_loop_time): .1f} FPS possible
INFO:root:{one_loop_time=: .6f} s {(1 / one_loop_time): .1f} FPS possible
INFO:root:{one_loop_time=: .6f} s {(1 / one_loop_time): .1f} FPS possible
INFO:root:{one_loop_time=: .6f} s {(1 / one_loop_time): .1f} FPS possible
INFO:root:{one_loop_time=: .6f} s {(1 / one_loop_time): .1f} FPS possible
INFO:root:{one_loop_time=: .6f} s {(1 / one_loop_time): .1f} FPS possible
INFO:root:{one_loop_time=: .6f} s {(1 / one_loop_time): .1f} FPS possible
INFO:root:{one_loop_time=: .6f} s {(1 / one_loop_time): .1f} FPS possible
INFO:root:{one_loop_time=: .6f} s {(1 / one_loop_time): .1f} FPS possible
INFO:root:{one_loop_time=: .6f} s {(1 / one_loop_time): .1f} FPS possible
INFO:root:{one_loop_time=: .6f} s {(1 / one_loop_time): .1f} FPS possible
INFO:root:{one_loop_time=: .6f} s {(1 / one_loop_time): .1f} FPS possible
INFO:root:{one_loop_time=: .6f} s {(1 / one_loop_time): .1f} FPS possible
INFO:root:{one_loop_time=: .6f} s {(1 / one_loop_time): .1f} FPS possible
INFO:root:{one_loop_time=: .6f} s {(1 / one_loop_time): .1f} FPS possible
INFO:root:{one_loop_time=: .6f} s {(1 / one_loop_time): .1f} FPS possible
INFO:root:{one_loop_time=: .6f} s {(1 / one_loop_time): .1f} FPS possible
INFO:root:{one_loop_time=: .6f} s {(1 / one_loop_time): .1f} FPS possible
INFO:root:{one_loop_time=: .6f} s {(1 / one_loop_time): .1f} FPS possible
INFO:root:{one_loop_time=: .6f} s {(1 / one_loop_time): .1f} FPS possible
INFO:root:{one_loop_time=: .6f} s {(1 / one_loop_time): .1f} FPS possible
INFO:root:{one_loop_time=: .6f} s {(1 / one_loop_time): .1f} FPS possible
INFO:root:{one_loop_time=: .6f} s {(1 / one_loop_time): .1f} FPS possible
INFO:root:{one_loop_time=: .6f} s {(1 / one_loop_time): .1f} FPS possible
INFO:root:{one_loop_time=: .6f} s {(1 / one_loop_time): .1f} FPS possible
INFO:root:{one_loop_time=: .6f} s {(1 / one_loop_time): .1f} FPS possible
INFO:root:{one_loop_time=: .6f} s {(1 / one_loop_time): .1f} FPS possible
